2024-05-17 14:01:05.899 [info] Started initializing default profile extensions in extensions installation folder. file:///home/dirge/.vscode/extensions
2024-05-17 14:01:06.033 [warning] Failed to create default profile extensions manifest in extensions installation folder. file:///home/dirge/.vscode/extensions Unable to create file 'vscode-userdata:/home/dirge/.vscode/extensions/extensions.json' that already exists when overwrite flag is not set
2024-05-17 14:01:06.033 [info] Completed initializing default profile extensions in extensions installation folder. file:///home/dirge/.vscode/extensions
2024-05-17 14:01:40.428 [info] Getting Manifest... esbenp.prettier-vscode
2024-05-17 14:01:40.434 [info] Installing extension: esbenp.prettier-vscode
2024-05-17 14:01:40.805 [info] Extension signature verification result for esbenp.prettier-vscode: UnknownError. Duration: 14ms.
2024-05-17 14:01:40.918 [info] Extracted extension to file:///home/dirge/.vscode/extensions/esbenp.prettier-vscode-10.4.0: esbenp.prettier-vscode
2024-05-17 14:01:40.924 [info] Renamed to /home/dirge/.vscode/extensions/esbenp.prettier-vscode-10.4.0
2024-05-17 14:01:40.926 [info] Extracting extension completed. esbenp.prettier-vscode
2024-05-17 14:01:40.936 [info] Extension installed successfully: esbenp.prettier-vscode
2024-05-17 14:01:41.009 [error] [uncaught exception in sharedProcess]: Error: ENOENT: no such file or directory, stat '/home/dirge/.vscode/extensions/extensions.json.vsctmp': EntryNotFound (FileSystemError): Error: ENOENT: no such file or directory, stat '/home/dirge/.vscode/extensions/extensions.json.vsctmp'
    at a.create (/opt/visual-studio-code/resources/app/out/vs/code/node/sharedProcess/sharedProcessMain.js:53:30019)
    at b (/opt/visual-studio-code/resources/app/out/vs/code/node/sharedProcess/sharedProcessMain.js:53:30130)
    at t.hb (/opt/visual-studio-code/resources/app/out/vs/code/node/sharedProcess/sharedProcessMain.js:58:36600)
    at t.stat (/opt/visual-studio-code/resources/app/out/vs/code/node/sharedProcess/sharedProcessMain.js:58:29040)
    at async $.stat (/opt/visual-studio-code/resources/app/out/vs/code/node/sharedProcess/sharedProcessMain.js:58:16186)
    at async J.sb (/opt/visual-studio-code/resources/app/out/vs/code/node/sharedProcess/sharedProcessMain.js:104:109501)
2024-05-17 14:01:43.050 [info] Getting Manifest... ritwickdey.liveserver
2024-05-17 14:01:43.066 [info] Installing extension: ritwickdey.liveserver
2024-05-17 14:01:43.520 [info] Extension signature verification result for ritwickdey.liveserver: UnknownError. Duration: 4ms.
2024-05-17 14:01:45.072 [info] Extracted extension to file:///home/dirge/.vscode/extensions/ritwickdey.liveserver-5.7.9: ritwickdey.liveserver
2024-05-17 14:01:45.086 [info] Renamed to /home/dirge/.vscode/extensions/ritwickdey.liveserver-5.7.9
2024-05-17 14:01:45.087 [info] Extracting extension completed. ritwickdey.liveserver
2024-05-17 14:01:45.095 [info] Extension installed successfully: ritwickdey.liveserver
2024-05-17 14:01:45.167 [error] [uncaught exception in sharedProcess]: Error: ENOENT: no such file or directory, stat '/home/dirge/.vscode/extensions/extensions.json.vsctmp': EntryNotFound (FileSystemError): Error: ENOENT: no such file or directory, stat '/home/dirge/.vscode/extensions/extensions.json.vsctmp'
    at a.create (/opt/visual-studio-code/resources/app/out/vs/code/node/sharedProcess/sharedProcessMain.js:53:30019)
    at b (/opt/visual-studio-code/resources/app/out/vs/code/node/sharedProcess/sharedProcessMain.js:53:30130)
    at t.hb (/opt/visual-studio-code/resources/app/out/vs/code/node/sharedProcess/sharedProcessMain.js:58:36600)
    at t.stat (/opt/visual-studio-code/resources/app/out/vs/code/node/sharedProcess/sharedProcessMain.js:58:29040)
    at async $.stat (/opt/visual-studio-code/resources/app/out/vs/code/node/sharedProcess/sharedProcessMain.js:58:16186)
    at async J.sb (/opt/visual-studio-code/resources/app/out/vs/code/node/sharedProcess/sharedProcessMain.js:104:109501)
2024-05-17 14:01:46.014 [info] Getting Manifest... dbaeumer.vscode-eslint
2024-05-17 14:01:46.030 [info] Installing extension: dbaeumer.vscode-eslint
2024-05-17 14:01:46.332 [info] Extension signature verification result for dbaeumer.vscode-eslint: UnknownError. Duration: 6ms.
2024-05-17 14:01:46.343 [info] Extracted extension to file:///home/dirge/.vscode/extensions/dbaeumer.vscode-eslint-2.4.4: dbaeumer.vscode-eslint
2024-05-17 14:01:46.348 [info] Renamed to /home/dirge/.vscode/extensions/dbaeumer.vscode-eslint-2.4.4
2024-05-17 14:01:46.348 [info] Extracting extension completed. dbaeumer.vscode-eslint
2024-05-17 14:01:46.355 [info] Extension installed successfully: dbaeumer.vscode-eslint
2024-05-17 14:01:46.426 [error] [uncaught exception in sharedProcess]: Error: ENOENT: no such file or directory, stat '/home/dirge/.vscode/extensions/extensions.json.vsctmp': EntryNotFound (FileSystemError): Error: ENOENT: no such file or directory, stat '/home/dirge/.vscode/extensions/extensions.json.vsctmp'
    at a.create (/opt/visual-studio-code/resources/app/out/vs/code/node/sharedProcess/sharedProcessMain.js:53:30019)
    at b (/opt/visual-studio-code/resources/app/out/vs/code/node/sharedProcess/sharedProcessMain.js:53:30130)
    at t.hb (/opt/visual-studio-code/resources/app/out/vs/code/node/sharedProcess/sharedProcessMain.js:58:36600)
    at t.stat (/opt/visual-studio-code/resources/app/out/vs/code/node/sharedProcess/sharedProcessMain.js:58:29040)
    at async $.stat (/opt/visual-studio-code/resources/app/out/vs/code/node/sharedProcess/sharedProcessMain.js:58:16186)
    at async J.sb (/opt/visual-studio-code/resources/app/out/vs/code/node/sharedProcess/sharedProcessMain.js:104:109501)
2024-05-17 14:01:47.827 [info] Getting Manifest... ms-azuretools.vscode-docker
2024-05-17 14:01:47.844 [info] Installing extension: ms-azuretools.vscode-docker
2024-05-17 14:01:48.394 [info] Extension signature verification result for ms-azuretools.vscode-docker: UnknownError. Duration: 6ms.
2024-05-17 14:01:48.473 [info] Extracted extension to file:///home/dirge/.vscode/extensions/ms-azuretools.vscode-docker-1.29.1: ms-azuretools.vscode-docker
2024-05-17 14:01:48.480 [info] Renamed to /home/dirge/.vscode/extensions/ms-azuretools.vscode-docker-1.29.1
2024-05-17 14:01:48.486 [info] Extracting extension completed. ms-azuretools.vscode-docker
2024-05-17 14:01:48.496 [info] Extension installed successfully: ms-azuretools.vscode-docker
2024-05-17 14:01:48.565 [error] [uncaught exception in sharedProcess]: Error: ENOENT: no such file or directory, stat '/home/dirge/.vscode/extensions/extensions.json.vsctmp': EntryNotFound (FileSystemError): Error: ENOENT: no such file or directory, stat '/home/dirge/.vscode/extensions/extensions.json.vsctmp'
    at a.create (/opt/visual-studio-code/resources/app/out/vs/code/node/sharedProcess/sharedProcessMain.js:53:30019)
    at b (/opt/visual-studio-code/resources/app/out/vs/code/node/sharedProcess/sharedProcessMain.js:53:30130)
    at t.hb (/opt/visual-studio-code/resources/app/out/vs/code/node/sharedProcess/sharedProcessMain.js:58:36600)
    at t.stat (/opt/visual-studio-code/resources/app/out/vs/code/node/sharedProcess/sharedProcessMain.js:58:29040)
    at async $.stat (/opt/visual-studio-code/resources/app/out/vs/code/node/sharedProcess/sharedProcessMain.js:58:16186)
    at async J.sb (/opt/visual-studio-code/resources/app/out/vs/code/node/sharedProcess/sharedProcessMain.js:104:109501)
2024-05-17 14:01:54.360 [info] Getting Manifest... eamodio.gitlens
2024-05-17 14:01:54.371 [info] Installing extension: eamodio.gitlens
2024-05-17 14:01:54.894 [info] Extension signature verification result for eamodio.gitlens: UnknownError. Duration: 4ms.
2024-05-17 14:01:55.100 [info] Extracted extension to file:///home/dirge/.vscode/extensions/eamodio.gitlens-15.0.3: eamodio.gitlens
2024-05-17 14:01:55.112 [info] Renamed to /home/dirge/.vscode/extensions/eamodio.gitlens-15.0.3
2024-05-17 14:01:55.116 [info] Extracting extension completed. eamodio.gitlens
2024-05-17 14:01:55.129 [info] Extension installed successfully: eamodio.gitlens
2024-05-17 14:01:55.197 [error] [uncaught exception in sharedProcess]: Error: ENOENT: no such file or directory, stat '/home/dirge/.vscode/extensions/extensions.json.vsctmp': EntryNotFound (FileSystemError): Error: ENOENT: no such file or directory, stat '/home/dirge/.vscode/extensions/extensions.json.vsctmp'
    at a.create (/opt/visual-studio-code/resources/app/out/vs/code/node/sharedProcess/sharedProcessMain.js:53:30019)
    at b (/opt/visual-studio-code/resources/app/out/vs/code/node/sharedProcess/sharedProcessMain.js:53:30130)
    at t.hb (/opt/visual-studio-code/resources/app/out/vs/code/node/sharedProcess/sharedProcessMain.js:58:36600)
    at t.stat (/opt/visual-studio-code/resources/app/out/vs/code/node/sharedProcess/sharedProcessMain.js:58:29040)
    at async $.stat (/opt/visual-studio-code/resources/app/out/vs/code/node/sharedProcess/sharedProcessMain.js:58:16186)
    at async J.sb (/opt/visual-studio-code/resources/app/out/vs/code/node/sharedProcess/sharedProcessMain.js:104:109501)
2024-05-17 14:02:09.517 [info] Getting Manifest... xabikos.javascriptsnippets
2024-05-17 14:02:09.529 [info] Installing extension: xabikos.javascriptsnippets
2024-05-17 14:02:09.885 [info] Extension signature verification result for xabikos.javascriptsnippets: UnknownError. Duration: 13ms.
2024-05-17 14:02:09.903 [info] Extracted extension to file:///home/dirge/.vscode/extensions/xabikos.javascriptsnippets-1.8.0: xabikos.javascriptsnippets
2024-05-17 14:02:09.909 [info] Renamed to /home/dirge/.vscode/extensions/xabikos.javascriptsnippets-1.8.0
2024-05-17 14:02:09.911 [info] Extracting extension completed. xabikos.javascriptsnippets
2024-05-17 14:02:09.927 [info] Extension installed successfully: xabikos.javascriptsnippets
2024-05-17 14:02:09.995 [error] [uncaught exception in sharedProcess]: Error: ENOENT: no such file or directory, stat '/home/dirge/.vscode/extensions/extensions.json.vsctmp': EntryNotFound (FileSystemError): Error: ENOENT: no such file or directory, stat '/home/dirge/.vscode/extensions/extensions.json.vsctmp'
    at a.create (/opt/visual-studio-code/resources/app/out/vs/code/node/sharedProcess/sharedProcessMain.js:53:30019)
    at b (/opt/visual-studio-code/resources/app/out/vs/code/node/sharedProcess/sharedProcessMain.js:53:30130)
    at t.hb (/opt/visual-studio-code/resources/app/out/vs/code/node/sharedProcess/sharedProcessMain.js:58:36600)
    at t.stat (/opt/visual-studio-code/resources/app/out/vs/code/node/sharedProcess/sharedProcessMain.js:58:29040)
    at async $.stat (/opt/visual-studio-code/resources/app/out/vs/code/node/sharedProcess/sharedProcessMain.js:58:16186)
    at async J.sb (/opt/visual-studio-code/resources/app/out/vs/code/node/sharedProcess/sharedProcessMain.js:104:109501)
2024-05-17 14:02:21.491 [info] Getting Manifest... mgmcdermott.vscode-language-babel
2024-05-17 14:02:21.495 [info] Installing extension: mgmcdermott.vscode-language-babel
2024-05-17 14:02:21.826 [info] Extension signature verification result for mgmcdermott.vscode-language-babel: UnknownError. Duration: 8ms.
2024-05-17 14:02:21.865 [info] Extracted extension to file:///home/dirge/.vscode/extensions/mgmcdermott.vscode-language-babel-0.0.40: mgmcdermott.vscode-language-babel
2024-05-17 14:02:21.870 [info] Renamed to /home/dirge/.vscode/extensions/mgmcdermott.vscode-language-babel-0.0.40
2024-05-17 14:02:21.871 [info] Extracting extension completed. mgmcdermott.vscode-language-babel
2024-05-17 14:02:21.881 [info] Extension installed successfully: mgmcdermott.vscode-language-babel
2024-05-17 14:02:21.952 [error] [uncaught exception in sharedProcess]: Error: ENOENT: no such file or directory, stat '/home/dirge/.vscode/extensions/extensions.json.vsctmp': EntryNotFound (FileSystemError): Error: ENOENT: no such file or directory, stat '/home/dirge/.vscode/extensions/extensions.json.vsctmp'
    at a.create (/opt/visual-studio-code/resources/app/out/vs/code/node/sharedProcess/sharedProcessMain.js:53:30019)
    at b (/opt/visual-studio-code/resources/app/out/vs/code/node/sharedProcess/sharedProcessMain.js:53:30130)
    at t.hb (/opt/visual-studio-code/resources/app/out/vs/code/node/sharedProcess/sharedProcessMain.js:58:36600)
    at t.stat (/opt/visual-studio-code/resources/app/out/vs/code/node/sharedProcess/sharedProcessMain.js:58:29040)
    at async $.stat (/opt/visual-studio-code/resources/app/out/vs/code/node/sharedProcess/sharedProcessMain.js:58:16186)
    at async J.sb (/opt/visual-studio-code/resources/app/out/vs/code/node/sharedProcess/sharedProcessMain.js:104:109501)
2024-05-17 14:05:59.936 [info] Getting Manifest... vscodevim.vim
2024-05-17 14:05:59.942 [info] Installing extension: vscodevim.vim
2024-05-17 14:06:00.243 [info] Extension signature verification result for vscodevim.vim: UnknownError. Duration: 7ms.
2024-05-17 14:06:00.288 [info] Extracted extension to file:///home/dirge/.vscode/extensions/vscodevim.vim-1.27.2: vscodevim.vim
2024-05-17 14:06:00.293 [info] Renamed to /home/dirge/.vscode/extensions/vscodevim.vim-1.27.2
2024-05-17 14:06:00.294 [info] Extracting extension completed. vscodevim.vim
2024-05-17 14:06:00.304 [info] Extension installed successfully: vscodevim.vim
2024-05-17 14:06:00.376 [error] [uncaught exception in sharedProcess]: Error: ENOENT: no such file or directory, stat '/home/dirge/.vscode/extensions/extensions.json.vsctmp': EntryNotFound (FileSystemError): Error: ENOENT: no such file or directory, stat '/home/dirge/.vscode/extensions/extensions.json.vsctmp'
    at a.create (/opt/visual-studio-code/resources/app/out/vs/code/node/sharedProcess/sharedProcessMain.js:53:30019)
    at b (/opt/visual-studio-code/resources/app/out/vs/code/node/sharedProcess/sharedProcessMain.js:53:30130)
    at t.hb (/opt/visual-studio-code/resources/app/out/vs/code/node/sharedProcess/sharedProcessMain.js:58:36600)
    at t.stat (/opt/visual-studio-code/resources/app/out/vs/code/node/sharedProcess/sharedProcessMain.js:58:29040)
    at async $.stat (/opt/visual-studio-code/resources/app/out/vs/code/node/sharedProcess/sharedProcessMain.js:58:16186)
    at async J.sb (/opt/visual-studio-code/resources/app/out/vs/code/node/sharedProcess/sharedProcessMain.js:104:109501)
