2024-05-17 14:01:05.633 [info] Added views:workbench.panel.markers.view in workbench.panel.markers
2024-05-17 14:01:05.633 [info] Added views:workbench.panel.output in workbench.panel.output
2024-05-17 14:01:05.633 [info] Added views:terminal in terminal
2024-05-17 14:01:05.633 [info] Added views:outline in workbench.view.explorer
2024-05-17 14:01:05.633 [info] Added views:workbench.scm in workbench.view.scm
2024-05-17 14:01:05.633 [info] Added views:workbench.view.search in workbench.view.search
2024-05-17 14:01:05.633 [info] Added views:timeline in workbench.view.explorer
2024-05-17 14:01:05.633 [info] Added views:workbench.explorer.emptyView in workbench.view.explorer
2024-05-17 14:01:05.979 [info] Added views:workbench.debug.variablesView,workbench.debug.watchExpressionsView,workbench.debug.callStackView,workbench.debug.breakPointsView in workbench.view.debug
2024-05-17 14:01:05.991 [info] Added views:workbench.panel.repl.view in workbench.panel.repl
2024-05-17 14:01:05.992 [info] Removed views:workbench.debug.breakPointsView,workbench.debug.callStackView,workbench.debug.watchExpressionsView,workbench.debug.variablesView from workbench.view.debug
2024-05-17 14:01:05.992 [info] Added views:workbench.debug.welcome in workbench.view.debug
2024-05-17 14:01:06.062 [info] Added views:~remote.forwardedPorts in ~remote.forwardedPortsContainer
2024-05-17 14:01:20.898 [info] Added views:workbench.views.extensions.installed,workbench.views.extensions.popular,extensions.recommendedList in workbench.view.extensions
2024-05-17 14:01:20.898 [info] Removed views:workbench.views.extensions.popular from workbench.view.extensions
2024-05-17 14:01:21.143 [info] Added views:workbench.views.extensions.popular in workbench.view.extensions
2024-05-17 14:01:21.488 [info] Removed views:extensions.recommendedList,workbench.views.extensions.popular,workbench.views.extensions.installed from workbench.view.extensions
2024-05-17 14:01:21.498 [info] Added views:workbench.views.extensions.marketplace in workbench.view.extensions
2024-05-17 14:01:48.564 [info] Added views:dockerContainers,dockerImages,dockerRegistries,dockerNetworks,dockerVolumes,vscode-docker.views.dockerContexts,vscode-docker.views.help in workbench.view.extension.dockerView
2024-05-17 14:01:55.209 [info] Added views:gitlens.views.home,gitlens.views.workspaces,gitlens.views.account in workbench.view.extension.gitlens
2024-05-17 14:01:55.210 [info] Added views:gitlens.views.commitDetails,gitlens.views.lineHistory,gitlens.views.fileHistory,gitlens.views.searchAndCompare in workbench.view.extension.gitlensInspect
2024-05-17 14:01:55.211 [info] Added views:gitlens.views.commits,gitlens.views.branches,gitlens.views.remotes,gitlens.views.stashes,gitlens.views.tags,gitlens.views.contributors in workbench.view.scm
2024-05-17 14:01:55.436 [info] Removed views:gitlens.views.searchAndCompare,gitlens.views.fileHistory,gitlens.views.lineHistory,gitlens.views.commitDetails from workbench.view.extension.gitlensInspect
2024-05-17 14:01:55.437 [info] Removed views:gitlens.views.contributors,gitlens.views.tags,gitlens.views.stashes,gitlens.views.remotes,gitlens.views.branches,gitlens.views.commits from workbench.view.scm
2024-05-17 14:01:55.496 [info] Added views:gitlens.views.drafts in workbench.view.extension.gitlens
2024-05-17 14:02:02.624 [info] Removed views:workbench.views.extensions.marketplace from workbench.view.extensions
2024-05-17 14:02:02.640 [info] Added views:workbench.views.extensions.installed,workbench.views.extensions.popular,extensions.recommendedList in workbench.view.extensions
2024-05-17 14:02:04.359 [info] Removed views:extensions.recommendedList,workbench.views.extensions.popular,workbench.views.extensions.installed from workbench.view.extensions
2024-05-17 14:02:04.364 [info] Added views:workbench.views.extensions.marketplace in workbench.view.extensions
2024-05-17 14:05:31.016 [info] Added views:workbench.panel.markers.view in workbench.panel.markers
2024-05-17 14:05:31.016 [info] Added views:workbench.panel.output in workbench.panel.output
2024-05-17 14:05:31.016 [info] Added views:terminal in terminal
2024-05-17 14:05:31.016 [info] Added views:outline in workbench.view.explorer
2024-05-17 14:05:31.016 [info] Added views:workbench.scm in workbench.view.scm
2024-05-17 14:05:31.016 [info] Added views:workbench.view.search in workbench.view.search
2024-05-17 14:05:31.016 [info] Added views:timeline in workbench.view.explorer
2024-05-17 14:05:31.016 [info] Added views:workbench.explorer.fileView in workbench.view.explorer
2024-05-17 14:05:31.182 [info] Added views:gitlens.views.home,gitlens.views.workspaces,gitlens.views.account in workbench.view.extension.gitlens
2024-05-17 14:05:31.182 [info] Added views:gitlens.views.commitDetails,gitlens.views.lineHistory,gitlens.views.fileHistory,gitlens.views.searchAndCompare in workbench.view.extension.gitlensInspect
2024-05-17 14:05:31.182 [info] Added views:gitlens.views.commits,gitlens.views.branches,gitlens.views.remotes,gitlens.views.stashes,gitlens.views.tags,gitlens.views.contributors in workbench.view.scm
2024-05-17 14:05:31.183 [info] Added views:dockerContainers,dockerImages,dockerRegistries,dockerNetworks,dockerVolumes,vscode-docker.views.dockerContexts,vscode-docker.views.help in workbench.view.extension.dockerView
2024-05-17 14:05:31.320 [info] Added views:workbench.debug.variablesView,workbench.debug.watchExpressionsView,workbench.debug.callStackView,workbench.debug.breakPointsView in workbench.view.debug
2024-05-17 14:05:31.339 [info] Added views:workbench.panel.repl.view in workbench.panel.repl
2024-05-17 14:05:31.340 [info] Removed views:workbench.debug.breakPointsView,workbench.debug.callStackView,workbench.debug.watchExpressionsView,workbench.debug.variablesView from workbench.view.debug
2024-05-17 14:05:31.340 [info] Added views:workbench.debug.welcome in workbench.view.debug
2024-05-17 14:05:31.425 [info] Added views:~remote.forwardedPorts in ~remote.forwardedPortsContainer
2024-05-17 14:05:31.447 [info] Removed views:gitlens.views.workspaces from workbench.view.extension.gitlens
2024-05-17 14:05:31.449 [info] Removed views:gitlens.views.searchAndCompare,gitlens.views.fileHistory,gitlens.views.lineHistory,gitlens.views.commitDetails from workbench.view.extension.gitlensInspect
2024-05-17 14:05:31.450 [info] Removed views:gitlens.views.contributors,gitlens.views.tags,gitlens.views.stashes,gitlens.views.remotes,gitlens.views.branches,gitlens.views.commits from workbench.view.scm
2024-05-17 14:05:34.287 [info] Added views:gitlens.views.drafts,gitlens.views.workspaces in workbench.view.extension.gitlens
2024-05-17 14:05:55.055 [info] Added views:workbench.views.extensions.installed,workbench.views.extensions.popular,extensions.recommendedList in workbench.view.extensions
2024-05-17 14:05:55.061 [info] Removed views:workbench.views.extensions.popular from workbench.view.extensions
2024-05-17 14:05:57.260 [info] Removed views:extensions.recommendedList,workbench.views.extensions.installed from workbench.view.extensions
2024-05-17 14:05:57.264 [info] Added views:workbench.views.extensions.marketplace in workbench.view.extensions
